mode: set
WB-L0/internal/pkg/repository/delivery/postgres_delivery.go:13.73,17.2 1 1
WB-L0/internal/pkg/repository/delivery/postgres_delivery.go:19.101,21.16 2 1
WB-L0/internal/pkg/repository/delivery/postgres_delivery.go:21.16,23.3 1 0
WB-L0/internal/pkg/repository/delivery/postgres_delivery.go:24.2,26.16 3 1
WB-L0/internal/pkg/repository/delivery/postgres_delivery.go:26.16,28.3 1 1
WB-L0/internal/pkg/repository/delivery/postgres_delivery.go:29.2,29.27 1 1
WB-L0/internal/pkg/repository/delivery/postgres_delivery.go:32.115,36.16 4 1
WB-L0/internal/pkg/repository/delivery/postgres_delivery.go:36.16,38.3 1 1
WB-L0/internal/pkg/repository/delivery/postgres_delivery.go:39.2,39.22 1 1
WB-L0/internal/pkg/handlers/orders.go:18.78,22.26 4 1
WB-L0/internal/pkg/handlers/orders.go:22.26,26.3 3 1
WB-L0/internal/pkg/handlers/orders.go:27.2,27.16 1 1
WB-L0/internal/pkg/handlers/orders.go:27.16,31.3 3 0
WB-L0/internal/pkg/handlers/orders.go:32.2,33.16 2 1
WB-L0/internal/pkg/handlers/orders.go:33.16,35.3 1 0
WB-L0/internal/pkg/repository/items/postgres_items.go:13.67,17.2 1 1
WB-L0/internal/pkg/repository/items/postgres_items.go:19.95,21.33 2 1
WB-L0/internal/pkg/repository/items/postgres_items.go:21.33,23.17 2 1
WB-L0/internal/pkg/repository/items/postgres_items.go:23.17,25.4 1 0
WB-L0/internal/pkg/repository/items/postgres_items.go:26.3,28.17 3 1
WB-L0/internal/pkg/repository/items/postgres_items.go:28.17,30.4 1 1
WB-L0/internal/pkg/repository/items/postgres_items.go:31.3,31.30 1 1
WB-L0/internal/pkg/repository/items/postgres_items.go:33.2,33.23 1 1
WB-L0/internal/pkg/repository/items/postgres_items.go:36.101,40.16 4 1
WB-L0/internal/pkg/repository/items/postgres_items.go:40.16,42.3 1 1
WB-L0/internal/pkg/repository/items/postgres_items.go:43.2,43.18 1 1
WB-L0/internal/pkg/repository/orders/in_memory_orders.go:14.57,19.2 1 1
WB-L0/internal/pkg/repository/orders/in_memory_orders.go:21.85,26.2 4 1
WB-L0/internal/pkg/repository/orders/in_memory_orders.go:28.104,32.15 4 1
WB-L0/internal/pkg/repository/orders/in_memory_orders.go:32.15,34.3 1 1
WB-L0/internal/pkg/repository/orders/in_memory_orders.go:35.2,35.27 1 1
WB-L0/internal/pkg/repository/orders/postgres_orders.go:13.67,17.2 1 1
WB-L0/internal/pkg/repository/orders/postgres_orders.go:19.79,21.16 2 1
WB-L0/internal/pkg/repository/orders/postgres_orders.go:21.16,23.3 1 1
WB-L0/internal/pkg/repository/orders/postgres_orders.go:24.2,24.12 1 1
WB-L0/internal/pkg/repository/orders/postgres_orders.go:27.75,29.16 2 1
WB-L0/internal/pkg/repository/orders/postgres_orders.go:29.16,31.3 1 1
WB-L0/internal/pkg/repository/orders/postgres_orders.go:32.2,34.18 3 1
WB-L0/internal/pkg/repository/orders/postgres_orders.go:34.18,36.17 2 1
WB-L0/internal/pkg/repository/orders/postgres_orders.go:36.17,38.4 1 1
WB-L0/internal/pkg/repository/orders/postgres_orders.go:39.3,39.33 1 1
WB-L0/internal/pkg/repository/orders/postgres_orders.go:41.2,41.34 1 1
WB-L0/internal/pkg/repository/orders/postgres_orders.go:41.34,43.3 1 0
WB-L0/internal/pkg/repository/orders/postgres_orders.go:44.2,44.20 1 1
WB-L0/internal/pkg/repository/payment/postgres_payment.go:13.71,17.2 1 1
WB-L0/internal/pkg/repository/payment/postgres_payment.go:19.98,21.16 2 1
WB-L0/internal/pkg/repository/payment/postgres_payment.go:21.16,23.3 1 0
WB-L0/internal/pkg/repository/payment/postgres_payment.go:24.2,26.16 3 1
WB-L0/internal/pkg/repository/payment/postgres_payment.go:26.16,28.3 1 1
WB-L0/internal/pkg/repository/payment/postgres_payment.go:29.2,29.26 1 1
WB-L0/internal/pkg/repository/payment/postgres_payment.go:32.111,36.16 4 1
WB-L0/internal/pkg/repository/payment/postgres_payment.go:36.16,38.3 1 1
WB-L0/internal/pkg/repository/payment/postgres_payment.go:39.2,39.21 1 1
